2025-09-18 12:44:55,246 - utility_suite.__main__ - INFO - Initializing...
2025-09-18 12:44:55,246 - utility_suite.__main__ - INFO - Setting up environment...
2025-09-18 12:44:55,247 - utility_suite.utils.config_manager - INFO - Config manager setup complete in config
2025-09-18 12:44:55,247 - utility_suite.__main__ - INFO - Environment setup complete
2025-09-18 12:44:55,247 - utility_suite.__main__ - INFO - Initialize complete
2025-09-18 12:44:56,799 - utility_suite.__main__ - INFO - Running CLI...
2025-09-18 12:44:58,919 - utility_suite.__main__ - INFO - Showing packages...
2025-09-18 12:44:58,919 - utility_suite.utils.module_loader - INFO - Discovering packages...
2025-09-18 12:44:58,921 - utility_suite.utils.module_loader - INFO - Loading package agent...
2025-09-18 12:44:58,921 - utility_suite.utils.module_loader - INFO - Package agent loaded
2025-09-18 12:44:58,922 - utility_suite.utils.module_loader - INFO - Loading package backup...
2025-09-18 12:44:58,922 - utility_suite.utils.module_loader - INFO - Package backup loaded
2025-09-18 12:44:58,923 - utility_suite.utils.module_loader - INFO - Loading package filesystem...
2025-09-18 12:44:58,923 - utility_suite.utils.module_loader - INFO - Package filesystem loaded
2025-09-18 12:44:58,924 - utility_suite.utils.module_loader - INFO - Loading package network...
2025-09-18 12:44:58,924 - utility_suite.utils.module_loader - INFO - Package network loaded
2025-09-18 12:44:58,925 - utility_suite.utils.module_loader - INFO - Loading package productivity...
2025-09-18 12:44:58,925 - utility_suite.utils.module_loader - INFO - Package productivity loaded
2025-09-18 12:44:58,925 - utility_suite.utils.module_loader - INFO - Loading package system...
2025-09-18 12:44:58,926 - utility_suite.utils.module_loader - INFO - Package system loaded
2025-09-18 12:44:58,926 - utility_suite.utils.module_loader - INFO - Packages loaded
2025-09-18 12:45:00,680 - utility_suite.__main__ - INFO - Shutting down...
2025-09-18 12:45:00,680 - utility_suite.__main__ - INFO - Shutdown complete
2025-09-18 12:46:43,561 - utility_suite.__main__ - INFO - Initializing...
2025-09-18 12:46:43,561 - utility_suite.__main__ - INFO - Setting up environment...
2025-09-18 12:46:43,562 - utility_suite.utils.config_manager - INFO - Config manager setup complete in config
2025-09-18 12:46:43,562 - utility_suite.__main__ - INFO - Environment setup complete
2025-09-18 12:46:43,562 - utility_suite.__main__ - INFO - Initialize complete
2025-09-18 12:46:45,392 - utility_suite.__main__ - INFO - Running CLI...
2025-09-18 12:46:46,649 - utility_suite.__main__ - INFO - Showing packages...
2025-09-18 12:46:46,649 - utility_suite.utils.module_loader - INFO - Discovering packages...
2025-09-18 12:46:46,650 - utility_suite.utils.module_loader - INFO - Loading package agent...
2025-09-18 12:46:46,650 - utility_suite.utils.module_loader - INFO - Package agent loaded
2025-09-18 12:46:46,650 - utility_suite.utils.module_loader - INFO - Loading package backup...
2025-09-18 12:46:46,651 - utility_suite.utils.module_loader - INFO - Package backup loaded
2025-09-18 12:46:46,651 - utility_suite.utils.module_loader - INFO - Loading package filesystem...
2025-09-18 12:46:46,651 - utility_suite.utils.module_loader - INFO - Package filesystem loaded
2025-09-18 12:46:46,651 - utility_suite.utils.module_loader - INFO - Loading package network...
2025-09-18 12:46:46,652 - utility_suite.utils.module_loader - INFO - Package network loaded
2025-09-18 12:46:46,652 - utility_suite.utils.module_loader - INFO - Loading package productivity...
2025-09-18 12:46:46,652 - utility_suite.utils.module_loader - INFO - Package productivity loaded
2025-09-18 12:46:46,652 - utility_suite.utils.module_loader - INFO - Loading package system...
2025-09-18 12:46:46,653 - utility_suite.utils.module_loader - INFO - Package system loaded
2025-09-18 12:46:46,653 - utility_suite.utils.module_loader - INFO - Packages loaded
2025-09-18 12:46:47,543 - utility_suite.__main__ - INFO - Shutting down...
2025-09-18 12:46:47,543 - utility_suite.__main__ - INFO - Shutdown complete
2025-09-18 12:48:54,458 - utility_suite.__main__ - INFO - Initializing...
2025-09-18 12:48:54,458 - utility_suite.__main__ - INFO - Setting up environment...
2025-09-18 12:48:54,458 - utility_suite.utils.config_manager - INFO - Config manager setup complete in config
2025-09-18 12:48:54,458 - utility_suite.__main__ - INFO - Environment setup complete
2025-09-18 12:48:54,458 - utility_suite.__main__ - INFO - Initialize complete
2025-09-18 12:48:56,592 - utility_suite.__main__ - INFO - Running CLI...
2025-09-18 12:48:58,352 - utility_suite.__main__ - INFO - Shutting down...
2025-09-18 12:48:58,352 - utility_suite.__main__ - INFO - Shutdown complete
2025-09-18 12:51:49,541 - utility_suite.__main__ - INFO - Initializing...
2025-09-18 12:51:49,541 - utility_suite.__main__ - INFO - Setting up environment...
2025-09-18 12:51:49,541 - utility_suite.utils.config_manager - INFO - Config manager setup complete in config
2025-09-18 12:51:49,541 - utility_suite.__main__ - INFO - Environment setup complete
2025-09-18 12:51:49,541 - utility_suite.__main__ - INFO - Initialize complete
2025-09-18 12:51:51,063 - utility_suite.__main__ - INFO - Running CLI...
2025-09-18 12:51:52,239 - utility_suite.__main__ - INFO - Showing packages...
2025-09-18 12:51:52,240 - utility_suite.utils.module_loader - INFO - Discovering packages...
2025-09-18 12:51:52,241 - utility_suite.utils.module_loader - INFO - Loading package agent...
2025-09-18 12:51:52,241 - utility_suite.utils.module_loader - INFO - Package agent loaded
2025-09-18 12:51:52,241 - utility_suite.utils.module_loader - INFO - Loading package backup...
2025-09-18 12:51:52,242 - utility_suite.utils.module_loader - INFO - Package backup loaded
2025-09-18 12:51:52,242 - utility_suite.utils.module_loader - INFO - Loading package filesystem...
2025-09-18 12:51:52,243 - utility_suite.utils.module_loader - INFO - Package filesystem loaded
2025-09-18 12:51:52,244 - utility_suite.utils.module_loader - INFO - Loading package network...
2025-09-18 12:51:52,245 - utility_suite.utils.module_loader - INFO - Package network loaded
2025-09-18 12:51:52,245 - utility_suite.utils.module_loader - INFO - Loading package productivity...
2025-09-18 12:51:52,246 - utility_suite.utils.module_loader - INFO - Package productivity loaded
2025-09-18 12:51:52,246 - utility_suite.utils.module_loader - INFO - Loading package system...
2025-09-18 12:51:52,246 - utility_suite.utils.module_loader - INFO - Package system loaded
2025-09-18 12:51:52,246 - utility_suite.utils.module_loader - INFO - Packages loaded
2025-09-18 12:51:53,783 - utility_suite.__main__ - INFO - Showing options...
2025-09-18 12:51:54,592 - utility_suite.__main__ - INFO - Showing project info...
2025-09-18 12:51:55,398 - utility_suite.__main__ - INFO - Shutting down...
2025-09-18 12:51:55,399 - utility_suite.__main__ - INFO - Shutdown complete
2025-09-18 12:53:11,458 - utility_suite.__main__ - INFO - Initializing...
2025-09-18 12:53:11,458 - utility_suite.__main__ - INFO - Setting up environment...
2025-09-18 12:53:11,458 - utility_suite.utils.config_manager - INFO - Config manager setup complete in config
2025-09-18 12:53:11,458 - utility_suite.__main__ - INFO - Environment setup complete
2025-09-18 12:53:11,458 - utility_suite.__main__ - INFO - Initialize complete
2025-09-18 12:53:13,151 - utility_suite.__main__ - INFO - Running CLI...
2025-09-18 12:53:14,263 - utility_suite.__main__ - INFO - Showing packages...
2025-09-18 12:53:14,263 - utility_suite.utils.module_loader - INFO - Discovering packages...
2025-09-18 12:53:14,264 - utility_suite.utils.module_loader - INFO - Loading package agent...
2025-09-18 12:53:14,265 - utility_suite.utils.module_loader - INFO - Package agent loaded
2025-09-18 12:53:14,265 - utility_suite.utils.module_loader - INFO - Loading package backup...
2025-09-18 12:53:14,266 - utility_suite.utils.module_loader - INFO - Package backup loaded
2025-09-18 12:53:14,266 - utility_suite.utils.module_loader - INFO - Loading package filesystem...
2025-09-18 12:53:14,267 - utility_suite.utils.module_loader - INFO - Package filesystem loaded
2025-09-18 12:53:14,268 - utility_suite.utils.module_loader - INFO - Loading package network...
2025-09-18 12:53:14,269 - utility_suite.utils.module_loader - INFO - Package network loaded
2025-09-18 12:53:14,269 - utility_suite.utils.module_loader - INFO - Loading package productivity...
2025-09-18 12:53:14,270 - utility_suite.utils.module_loader - INFO - Package productivity loaded
2025-09-18 12:53:14,271 - utility_suite.utils.module_loader - INFO - Loading package system...
2025-09-18 12:53:14,272 - utility_suite.utils.module_loader - INFO - Package system loaded
2025-09-18 12:53:14,272 - utility_suite.utils.module_loader - INFO - Packages loaded
2025-09-18 12:53:20,383 - utility_suite.__main__ - INFO - Shutting down...
2025-09-18 12:53:20,383 - utility_suite.__main__ - INFO - Shutdown complete
2025-09-18 12:53:55,912 - utility_suite.__main__ - INFO - Initializing...
2025-09-18 12:53:55,912 - utility_suite.__main__ - INFO - Setting up environment...
2025-09-18 12:53:55,912 - utility_suite.utils.config_manager - INFO - Config manager setup complete in config
2025-09-18 12:53:55,913 - utility_suite.__main__ - INFO - Environment setup complete
2025-09-18 12:53:55,913 - utility_suite.__main__ - INFO - Initialize complete
2025-09-18 12:53:57,207 - utility_suite.__main__ - INFO - Running CLI...
2025-09-18 12:53:59,720 - utility_suite.__main__ - INFO - Showing packages...
2025-09-18 12:53:59,720 - utility_suite.utils.module_loader - INFO - Discovering packages...
2025-09-18 12:53:59,721 - utility_suite.utils.module_loader - INFO - Loading package agent...
2025-09-18 12:53:59,721 - utility_suite.utils.module_loader - INFO - Package agent loaded
2025-09-18 12:53:59,722 - utility_suite.utils.module_loader - INFO - Loading package backup...
2025-09-18 12:53:59,723 - utility_suite.utils.module_loader - INFO - Package backup loaded
2025-09-18 12:53:59,723 - utility_suite.utils.module_loader - INFO - Loading package filesystem...
2025-09-18 12:53:59,724 - utility_suite.utils.module_loader - INFO - Package filesystem loaded
2025-09-18 12:53:59,725 - utility_suite.utils.module_loader - INFO - Loading package network...
2025-09-18 12:53:59,726 - utility_suite.utils.module_loader - INFO - Package network loaded
2025-09-18 12:53:59,726 - utility_suite.utils.module_loader - INFO - Loading package productivity...
2025-09-18 12:53:59,727 - utility_suite.utils.module_loader - INFO - Package productivity loaded
2025-09-18 12:53:59,728 - utility_suite.utils.module_loader - INFO - Loading package system...
2025-09-18 12:53:59,729 - utility_suite.utils.module_loader - INFO - Package system loaded
2025-09-18 12:53:59,729 - utility_suite.utils.module_loader - INFO - Packages loaded
2025-09-18 12:54:04,864 - utility_suite.__main__ - INFO - Shutting down...
2025-09-18 12:54:04,864 - utility_suite.__main__ - INFO - Shutdown complete
2025-09-18 15:01:37,916 - utility_suite.__main__ - INFO - Initializing...
2025-09-18 15:01:37,917 - utility_suite.utils.config_manager - INFO - Config manager setup complete in config
2025-09-18 15:01:37,917 - utility_suite.__main__ - INFO - Initialize complete
2025-09-18 15:01:42,883 - utility_suite.utils.module_loader - ERROR - Failed to save modules manifest
Traceback (most recent call last):
  File "C:\Users\sammy\Documents_old\Projects\interview\utils\module_loader.py", line 66, in discover_packages
    self.config_manager.save_manifest(manifest)
    ~~~~~~~~~~~~~~~~~~~~~~~~~~~~~~~~~^^^^^^^^^^
  File "C:\Users\sammy\Documents_old\Projects\interview\utils\config_manager.py", line 114, in save_manifest
    return self.save_json(Constants.MODULES_MANIFEST, data)
           ~~~~~~~~~~~~~~^^^^^^^^^^^^^^^^^^^^^^^^^^^^^^^^^^
  File "C:\Users\sammy\Documents_old\Projects\interview\utils\config_manager.py", line 101, in save_json
    with open(full_path, "w", encoding="utf-8") as f:
         ~~~~^^^^^^^^^^^^^^^^^^^^^^^^^^^^^^^^^^
FileNotFoundError: [Errno 2] No such file or directory: 'config\\config/modules.json'
2025-09-18 15:01:59,030 - utility_suite.utils.module_loader - ERROR - Failed to save modules manifest
Traceback (most recent call last):
  File "C:\Users\sammy\Documents_old\Projects\interview\utils\module_loader.py", line 66, in discover_packages
    self.config_manager.save_manifest(manifest)
    ~~~~~~~~~~~~~~~~~~~~~~~~~~~~~~~~~^^^^^^^^^^
  File "C:\Users\sammy\Documents_old\Projects\interview\utils\config_manager.py", line 114, in save_manifest
    return self.save_json(Constants.MODULES_MANIFEST, data)
           ~~~~~~~~~~~~~~^^^^^^^^^^^^^^^^^^^^^^^^^^^^^^^^^^
  File "C:\Users\sammy\Documents_old\Projects\interview\utils\config_manager.py", line 101, in save_json
    with open(full_path, "w", encoding="utf-8") as f:
         ~~~~^^^^^^^^^^^^^^^^^^^^^^^^^^^^^^^^^^
FileNotFoundError: [Errno 2] No such file or directory: 'config\\config/modules.json'
2025-09-18 15:02:40,953 - utility_suite.utils.module_loader - ERROR - Failed to save modules manifest
Traceback (most recent call last):
  File "C:\Users\sammy\Documents_old\Projects\interview\utils\module_loader.py", line 66, in discover_packages
    self.config_manager.save_manifest(manifest)
    ~~~~~~~~~~~~~~~~~~~~~~~~~~~~~~~~~^^^^^^^^^^
  File "C:\Users\sammy\Documents_old\Projects\interview\utils\config_manager.py", line 114, in save_manifest
    return self.save_json(Constants.MODULES_MANIFEST, data)
           ~~~~~~~~~~~~~~^^^^^^^^^^^^^^^^^^^^^^^^^^^^^^^^^^
  File "C:\Users\sammy\Documents_old\Projects\interview\utils\config_manager.py", line 101, in save_json
    with open(full_path, "w", encoding="utf-8") as f:
         ~~~~^^^^^^^^^^^^^^^^^^^^^^^^^^^^^^^^^^
FileNotFoundError: [Errno 2] No such file or directory: 'config\\config/modules.json'
2025-09-18 15:03:29,382 - utility_suite.utils.module_loader - ERROR - Failed to save modules manifest
Traceback (most recent call last):
  File "C:\Users\sammy\Documents_old\Projects\interview\utils\module_loader.py", line 66, in discover_packages
    self.config_manager.save_manifest(manifest)
    ~~~~~~~~~~~~~~~~~~~~~~~~~~~~~~~~~^^^^^^^^^^
  File "C:\Users\sammy\Documents_old\Projects\interview\utils\config_manager.py", line 114, in save_manifest
    return self.save_json(Constants.MODULES_MANIFEST, data)
           ~~~~~~~~~~~~~~^^^^^^^^^^^^^^^^^^^^^^^^^^^^^^^^^^
  File "C:\Users\sammy\Documents_old\Projects\interview\utils\config_manager.py", line 101, in save_json
    with open(full_path, "w", encoding="utf-8") as f:
         ~~~~^^^^^^^^^^^^^^^^^^^^^^^^^^^^^^^^^^
FileNotFoundError: [Errno 2] No such file or directory: 'config\\config/modules.json'
2025-09-18 15:06:47,486 - utility_suite.utils.module_loader - ERROR - Failed to save modules manifest
Traceback (most recent call last):
  File "C:\Users\sammy\Documents_old\Projects\interview\utils\module_loader.py", line 66, in discover_packages
    self.config_manager.save_manifest(manifest)
    ~~~~~~~~~~~~~~~~~~~~~~~~~~~~~~~~~^^^^^^^^^^
  File "C:\Users\sammy\Documents_old\Projects\interview\utils\config_manager.py", line 114, in save_manifest
    return self.save_json(Constants.MODULES_MANIFEST, data)
           ~~~~~~~~~~~~~~^^^^^^^^^^^^^^^^^^^^^^^^^^^^^^^^^^
  File "C:\Users\sammy\Documents_old\Projects\interview\utils\config_manager.py", line 101, in save_json
    with open(full_path, "w", encoding="utf-8") as f:
         ~~~~^^^^^^^^^^^^^^^^^^^^^^^^^^^^^^^^^^
FileNotFoundError: [Errno 2] No such file or directory: 'config\\config/modules.json'
2025-09-18 15:06:49,364 - utility_suite.utils.module_loader - ERROR - Package system missing meta or run()
2025-09-18 15:06:53,214 - utility_suite.utils.module_loader - ERROR - Failed to save modules manifest
Traceback (most recent call last):
  File "C:\Users\sammy\Documents_old\Projects\interview\utils\module_loader.py", line 66, in discover_packages
    self.config_manager.save_manifest(manifest)
    ~~~~~~~~~~~~~~~~~~~~~~~~~~~~~~~~~^^^^^^^^^^
  File "C:\Users\sammy\Documents_old\Projects\interview\utils\config_manager.py", line 114, in save_manifest
    return self.save_json(Constants.MODULES_MANIFEST, data)
           ~~~~~~~~~~~~~~^^^^^^^^^^^^^^^^^^^^^^^^^^^^^^^^^^
  File "C:\Users\sammy\Documents_old\Projects\interview\utils\config_manager.py", line 101, in save_json
    with open(full_path, "w", encoding="utf-8") as f:
         ~~~~^^^^^^^^^^^^^^^^^^^^^^^^^^^^^^^^^^
FileNotFoundError: [Errno 2] No such file or directory: 'config\\config/modules.json'
2025-09-18 15:06:55,132 - utility_suite.utils.module_loader - ERROR - Package agent missing meta or run()
2025-09-18 15:06:57,278 - utility_suite.utils.module_loader - ERROR - Failed to save modules manifest
Traceback (most recent call last):
  File "C:\Users\sammy\Documents_old\Projects\interview\utils\module_loader.py", line 66, in discover_packages
    self.config_manager.save_manifest(manifest)
    ~~~~~~~~~~~~~~~~~~~~~~~~~~~~~~~~~^^^^^^^^^^
  File "C:\Users\sammy\Documents_old\Projects\interview\utils\config_manager.py", line 114, in save_manifest
    return self.save_json(Constants.MODULES_MANIFEST, data)
           ~~~~~~~~~~~~~~^^^^^^^^^^^^^^^^^^^^^^^^^^^^^^^^^^
  File "C:\Users\sammy\Documents_old\Projects\interview\utils\config_manager.py", line 101, in save_json
    with open(full_path, "w", encoding="utf-8") as f:
         ~~~~^^^^^^^^^^^^^^^^^^^^^^^^^^^^^^^^^^
FileNotFoundError: [Errno 2] No such file or directory: 'config\\config/modules.json'
2025-09-18 15:06:58,492 - utility_suite.utils.module_loader - ERROR - Package backup missing meta or run()
2025-09-18 15:06:59,421 - utility_suite.utils.module_loader - ERROR - Failed to save modules manifest
Traceback (most recent call last):
  File "C:\Users\sammy\Documents_old\Projects\interview\utils\module_loader.py", line 66, in discover_packages
    self.config_manager.save_manifest(manifest)
    ~~~~~~~~~~~~~~~~~~~~~~~~~~~~~~~~~^^^^^^^^^^
  File "C:\Users\sammy\Documents_old\Projects\interview\utils\config_manager.py", line 114, in save_manifest
    return self.save_json(Constants.MODULES_MANIFEST, data)
           ~~~~~~~~~~~~~~^^^^^^^^^^^^^^^^^^^^^^^^^^^^^^^^^^
  File "C:\Users\sammy\Documents_old\Projects\interview\utils\config_manager.py", line 101, in save_json
    with open(full_path, "w", encoding="utf-8") as f:
         ~~~~^^^^^^^^^^^^^^^^^^^^^^^^^^^^^^^^^^
FileNotFoundError: [Errno 2] No such file or directory: 'config\\config/modules.json'
2025-09-18 15:09:02,124 - utility_suite.__main__ - INFO - Shutting down...
2025-09-18 15:10:05,351 - utility_suite.__main__ - INFO - Initializing...
2025-09-18 15:10:05,351 - utility_suite.utils.config_manager - INFO - Config manager setup complete in config
2025-09-18 15:10:05,351 - utility_suite.__main__ - INFO - Initialize complete
2025-09-18 15:10:11,372 - utility_suite.__main__ - INFO - Shutting down...
